alipayDemo/build/intermediates/manifest_merge_blame_file/debug/manifest-merger-blame-debug-report.txt
1<?xml version="1.0" encoding="utf-8"?>
2<manifest xmlns:android="http://schemas.android.com/apk/res/android"
3    package="com.alipay.sdk.pay.demo"
4    android:versionCode="1"
5    android:versionName="1.0" >
6
7    <uses-sdk
7-->src\main\AndroidManifest.xml:8:5-10:39
8        android:minSdkVersion="16"
8-->src\main\AndroidManifest.xml:8:5-10:39
9        android:targetSdkVersion="24" />
9-->src\main\AndroidManifest.xml:9:9-38
10
11    <uses-permission android:name="android.permission.INTERNET" />
11-->src\main\AndroidManifest.xml:12:5-67
11-->src\main\AndroidManifest.xml:12:22-64
12    <uses-permission android:name="android.permission.ACCESS_NETWORK_STATE" />
12-->src\main\AndroidManifest.xml:13:5-79
12-->src\main\AndroidManifest.xml:13:22-76
13    <uses-permission android:name="android.permission.ACCESS_WIFI_STATE" />
13-->src\main\AndroidManifest.xml:14:5-76
13-->src\main\AndroidManifest.xml:14:22-73
14    <uses-permission android:name="android.permission.READ_PHONE_STATE" />
14-->src\main\AndroidManifest.xml:15:5-75
14-->src\main\AndroidManifest.xml:15:22-72
15    <uses-permission android:name="android.permission.WRITE_EXTERNAL_STORAGE" />
15-->src\main\AndroidManifest.xml:16:5-81
15-->src\main\AndroidManifest.xml:16:22-78
16
17    <supports-screens
17-->src\main\AndroidManifest.xml:18:5-23:39
18        android:anyDensity="true"
18-->src\main\AndroidManifest.xml:19:9-34
19        android:largeScreens="true"
19-->src\main\AndroidManifest.xml:20:9-36
20        android:normalScreens="true"
20-->src\main\AndroidManifest.xml:21:9-37
21        android:resizeable="true"
21-->src\main\AndroidManifest.xml:22:9-34
22        android:smallScreens="true" />
22-->src\main\AndroidManifest.xml:23:9-36
23
24    <application
24-->src\main\AndroidManifest.xml:25:5-66:19
25        android:allowBackup="true"
25-->src\main\AndroidManifest.xml:26:9-35
26        android:debuggable="true"
27        android:label="@string/app_name"
27-->src\main\AndroidManifest.xml:27:9-41
28        android:theme="@android:style/Theme.Light.NoTitleBar" >
28-->src\main\AndroidManifest.xml:28:9-62
29        <activity
29-->src\main\AndroidManifest.xml:29:9-39:20
30            android:name="com.alipay.sdk.pay.demo.PayDemoActivity"
30-->src\main\AndroidManifest.xml:30:13-67
31            android:icon="@drawable/msp_icon"
31-->src\main\AndroidManifest.xml:31:13-46
32            android:label="@string/app_name" >
32-->src\main\AndroidManifest.xml:32:13-45
33            <intent-filter>
33-->src\main\AndroidManifest.xml:33:13-38:29
34                <action android:name="android.intent.action.VIEW" />
34-->src\main\AndroidManifest.xml:34:17-69
34-->src\main\AndroidManifest.xml:34:25-66
35                <action android:name="android.intent.action.MAIN" />
35-->src\main\AndroidManifest.xml:35:17-69
35-->src\main\AndroidManifest.xml:35:25-66
36
37                <category android:name="android.intent.category.LAUNCHER" />
37-->src\main\AndroidManifest.xml:37:17-77
37-->src\main\AndroidManifest.xml:37:27-74
38            </intent-filter>
39        </activity>
40        <activity
40-->src\main\AndroidManifest.xml:40:9-45:20
41            android:name="com.alipay.sdk.pay.demo.H5PayDemoActivity"
41-->src\main\AndroidManifest.xml:41:13-69
42            android:configChanges="orientation|keyboardHidden|navigation"
42-->src\main\AndroidManifest.xml:42:13-74
43            android:exported="false"
43-->src\main\AndroidManifest.xml:43:13-37
44            android:screenOrientation="behind" >
44-->src\main\AndroidManifest.xml:44:13-47
45        </activity>
46
47        <!-- alipay sdk begin -->
48
49        <activity
49-->src\main\AndroidManifest.xml:49:9-55:20
50            android:name="com.alipay.sdk.app.H5PayActivity"
50-->src\main\AndroidManifest.xml:50:13-60
51            android:configChanges="orientation|keyboardHidden|navigation|screenSize"
51-->src\main\AndroidManifest.xml:51:13-85
52            android:exported="false"
52-->src\main\AndroidManifest.xml:52:13-37
53            android:screenOrientation="behind"
53-->src\main\AndroidManifest.xml:53:13-47
54            android:windowSoftInputMode="adjustResize|stateHidden" >
54-->src\main\AndroidManifest.xml:54:13-67
55        </activity>
56        <activity
56-->src\main\AndroidManifest.xml:56:10-62:20
57            android:name="com.alipay.sdk.app.H5AuthActivity"
57-->src\main\AndroidManifest.xml:57:13-61
58            android:configChanges="orientation|keyboardHidden|navigation"
58-->src\main\AndroidManifest.xml:58:13-74
59            android:exported="false"
59-->src\main\AndroidManifest.xml:59:13-37
60            android:screenOrientation="behind"
60-->src\main\AndroidManifest.xml:60:13-47
61            android:windowSoftInputMode="adjustResize|stateHidden" >
61-->src\main\AndroidManifest.xml:61:13-67
62        </activity>
63
64        <!-- alipay sdk end -->
65
66    </application>
67
68</manifest>